0 info it worked if it ends with ok
1 verbose cli [ '/home/ubuntu/.nvm/versions/node/v6.11.2/bin/node',
1 verbose cli   '/home/ubuntu/.nvm/versions/node/v6.11.2/bin/npm',
1 verbose cli   'update' ]
2 info using npm@3.10.10
3 info using node@v6.11.2
4 silly mapToRegistry name less
5 silly mapToRegistry using default registry
6 silly mapToRegistry registry https://registry.npmjs.org/
7 silly mapToRegistry data Result {
7 silly mapToRegistry   raw: 'less',
7 silly mapToRegistry   scope: null,
7 silly mapToRegistry   escapedName: 'less',
7 silly mapToRegistry   name: 'less',
7 silly mapToRegistry   rawSpec: '',
7 silly mapToRegistry   spec: 'latest',
7 silly mapToRegistry   type: 'tag' }
8 silly mapToRegistry uri https://registry.npmjs.org/less
9 silly mapToRegistry name grunt
10 silly mapToRegistry using default registry
11 silly mapToRegistry registry https://registry.npmjs.org/
12 silly mapToRegistry data Result {
12 silly mapToRegistry   raw: 'grunt',
12 silly mapToRegistry   scope: null,
12 silly mapToRegistry   escapedName: 'grunt',
12 silly mapToRegistry   name: 'grunt',
12 silly mapToRegistry   rawSpec: '',
12 silly mapToRegistry   spec: 'latest',
12 silly mapToRegistry   type: 'tag' }
13 silly mapToRegistry uri https://registry.npmjs.org/grunt
14 silly mapToRegistry name grunt-contrib-jshint
15 silly mapToRegistry using default registry
16 silly mapToRegistry registry https://registry.npmjs.org/
17 silly mapToRegistry data Result {
17 silly mapToRegistry   raw: 'grunt-contrib-jshint',
17 silly mapToRegistry   scope: null,
17 silly mapToRegistry   escapedName: 'grunt-contrib-jshint',
17 silly mapToRegistry   name: 'grunt-contrib-jshint',
17 silly mapToRegistry   rawSpec: '',
17 silly mapToRegistry   spec: 'latest',
17 silly mapToRegistry   type: 'tag' }
18 silly mapToRegistry uri https://registry.npmjs.org/grunt-contrib-jshint
19 silly mapToRegistry name grunt-contrib-less
20 silly mapToRegistry using default registry
21 silly mapToRegistry registry https://registry.npmjs.org/
22 silly mapToRegistry data Result {
22 silly mapToRegistry   raw: 'grunt-contrib-less',
22 silly mapToRegistry   scope: null,
22 silly mapToRegistry   escapedName: 'grunt-contrib-less',
22 silly mapToRegistry   name: 'grunt-contrib-less',
22 silly mapToRegistry   rawSpec: '',
22 silly mapToRegistry   spec: 'latest',
22 silly mapToRegistry   type: 'tag' }
23 silly mapToRegistry uri https://registry.npmjs.org/grunt-contrib-less
24 silly mapToRegistry name grunt-contrib-nodeunit
25 silly mapToRegistry using default registry
26 silly mapToRegistry registry https://registry.npmjs.org/
27 silly mapToRegistry data Result {
27 silly mapToRegistry   raw: 'grunt-contrib-nodeunit',
27 silly mapToRegistry   scope: null,
27 silly mapToRegistry   escapedName: 'grunt-contrib-nodeunit',
27 silly mapToRegistry   name: 'grunt-contrib-nodeunit',
27 silly mapToRegistry   rawSpec: '',
27 silly mapToRegistry   spec: 'latest',
27 silly mapToRegistry   type: 'tag' }
28 silly mapToRegistry uri https://registry.npmjs.org/grunt-contrib-nodeunit
29 silly mapToRegistry name grunt-contrib-uglify
30 silly mapToRegistry using default registry
31 silly mapToRegistry registry https://registry.npmjs.org/
32 silly mapToRegistry data Result {
32 silly mapToRegistry   raw: 'grunt-contrib-uglify',
32 silly mapToRegistry   scope: null,
32 silly mapToRegistry   escapedName: 'grunt-contrib-uglify',
32 silly mapToRegistry   name: 'grunt-contrib-uglify',
32 silly mapToRegistry   rawSpec: '',
32 silly mapToRegistry   spec: 'latest',
32 silly mapToRegistry   type: 'tag' }
33 silly mapToRegistry uri https://registry.npmjs.org/grunt-contrib-uglify
34 silly mapToRegistry name grunt-svg-sprite
35 silly mapToRegistry using default registry
36 silly mapToRegistry registry https://registry.npmjs.org/
37 silly mapToRegistry data Result {
37 silly mapToRegistry   raw: 'grunt-svg-sprite',
37 silly mapToRegistry   scope: null,
37 silly mapToRegistry   escapedName: 'grunt-svg-sprite',
37 silly mapToRegistry   name: 'grunt-svg-sprite',
37 silly mapToRegistry   rawSpec: '',
37 silly mapToRegistry   spec: 'latest',
37 silly mapToRegistry   type: 'tag' }
38 silly mapToRegistry uri https://registry.npmjs.org/grunt-svg-sprite
39 verbose request uri https://registry.npmjs.org/grunt-contrib-jshint
40 verbose request no auth needed
41 info attempt registry request try #1 at 8:57:10 AM
42 verbose request id f3ce8a006a0fc9fe
43 verbose etag "5a81c894-10f8a"
44 verbose lastModified Mon, 12 Feb 2018 17:02:12 GMT
45 http request GET https://registry.npmjs.org/grunt-contrib-jshint
46 verbose request uri https://registry.npmjs.org/grunt-contrib-nodeunit
47 verbose request no auth needed
48 info attempt registry request try #1 at 8:57:10 AM
49 verbose etag "58b8d8ed-6f6a"
50 verbose lastModified Fri, 3 Mar 2017 2:46:05 GMT
51 http request GET https://registry.npmjs.org/grunt-contrib-nodeunit
52 verbose request uri https://registry.npmjs.org/grunt-contrib-uglify
53 verbose request no auth needed
54 info attempt registry request try #1 at 8:57:10 AM
55 verbose etag "5af1cdab-19e7e"
56 verbose lastModified Tue, 8 May 2018 16:17:47 GMT
57 http request GET https://registry.npmjs.org/grunt-contrib-uglify
58 verbose request uri https://registry.npmjs.org/grunt-svg-sprite
59 verbose request no auth needed
60 info attempt registry request try #1 at 8:57:10 AM
61 verbose etag "5aad851f-1aa1a"
62 verbose lastModified Sat, 17 Mar 2018 21:14:07 GMT
63 http request GET https://registry.npmjs.org/grunt-svg-sprite
64 verbose request uri https://registry.npmjs.org/less
65 verbose request no auth needed
66 info attempt registry request try #1 at 8:57:10 AM
67 verbose etag "5aefb188-277e8"
68 verbose lastModified Mon, 7 May 2018 1:53:12 GMT
69 http request GET https://registry.npmjs.org/less
70 verbose request uri https://registry.npmjs.org/grunt-contrib-less
71 verbose request no auth needed
72 info attempt registry request try #1 at 8:57:10 AM
73 verbose etag "5a4072e9-13443"
74 verbose lastModified Mon, 25 Dec 2017 3:39:21 GMT
75 http request GET https://registry.npmjs.org/grunt-contrib-less
76 verbose request uri https://registry.npmjs.org/grunt
77 verbose request no auth needed
78 info attempt registry request try #1 at 8:57:10 AM
79 verbose etag "5aa39b8a-1977d"
80 verbose lastModified Sat, 10 Mar 2018 8:47:06 GMT
81 http request GET https://registry.npmjs.org/grunt
82 http 304 https://registry.npmjs.org/less
83 verbose headers { date: 'Thu, 17 May 2018 08:57:10 GMT',
83 verbose headers   via: '1.1 varnish',
83 verbose headers   'cache-control': 'max-age=300',
83 verbose headers   etag: '"5aefb188-277e8"',
83 verbose headers   age: '9056',
83 verbose headers   connection: 'keep-alive',
83 verbose headers   'x-served-by': 'cache-cdg8720-CDG',
83 verbose headers   'x-cache': 'HIT',
83 verbose headers   'x-cache-hits': '26',
83 verbose headers   'x-timer': 'S1526547431.765456,VS0,VE0',
83 verbose headers   vary: 'Accept-Encoding, Accept' }
84 silly get cb [ 304,
84 silly get   { date: 'Thu, 17 May 2018 08:57:10 GMT',
84 silly get     via: '1.1 varnish',
84 silly get     'cache-control': 'max-age=300',
84 silly get     etag: '"5aefb188-277e8"',
84 silly get     age: '9056',
84 silly get     connection: 'keep-alive',
84 silly get     'x-served-by': 'cache-cdg8720-CDG',
84 silly get     'x-cache': 'HIT',
84 silly get     'x-cache-hits': '26',
84 silly get     'x-timer': 'S1526547431.765456,VS0,VE0',
84 silly get     vary: 'Accept-Encoding, Accept' } ]
85 verbose etag https://registry.npmjs.org/less from cache
86 verbose get saving less to /home/ubuntu/.npm/registry.npmjs.org/less/.cache.json
87 verbose correctMkdir /home/ubuntu/.npm correctMkdir not in flight; initializing
88 http 304 https://registry.npmjs.org/grunt-contrib-nodeunit
89 verbose headers { date: 'Thu, 17 May 2018 08:57:10 GMT',
89 verbose headers   via: '1.1 varnish',
89 verbose headers   'cache-control': 'max-age=300',
89 verbose headers   etag: '"58b8d8ed-6f6a"',
89 verbose headers   age: '5474',
89 verbose headers   connection: 'keep-alive',
89 verbose headers   'x-served-by': 'cache-cdg8723-CDG',
89 verbose headers   'x-cache': 'HIT',
89 verbose headers   'x-cache-hits': '11',
89 verbose headers   'x-timer': 'S1526547431.766101,VS0,VE0',
89 verbose headers   vary: 'Accept-Encoding, Accept' }
90 silly get cb [ 304,
90 silly get   { date: 'Thu, 17 May 2018 08:57:10 GMT',
90 silly get     via: '1.1 varnish',
90 silly get     'cache-control': 'max-age=300',
90 silly get     etag: '"58b8d8ed-6f6a"',
90 silly get     age: '5474',
90 silly get     connection: 'keep-alive',
90 silly get     'x-served-by': 'cache-cdg8723-CDG',
90 silly get     'x-cache': 'HIT',
90 silly get     'x-cache-hits': '11',
90 silly get     'x-timer': 'S1526547431.766101,VS0,VE0',
90 silly get     vary: 'Accept-Encoding, Accept' } ]
91 verbose etag https://registry.npmjs.org/grunt-contrib-nodeunit from cache
92 verbose get saving grunt-contrib-nodeunit to /home/ubuntu/.npm/registry.npmjs.org/grunt-contrib-nodeunit/.cache.json
93 verbose correctMkdir /home/ubuntu/.npm correctMkdir already in flight; waiting
94 http 304 https://registry.npmjs.org/grunt-contrib-uglify
95 verbose headers { date: 'Thu, 17 May 2018 08:57:10 GMT',
95 verbose headers   via: '1.1 varnish',
95 verbose headers   'cache-control': 'max-age=300',
95 verbose headers   etag: '"5af1cdab-19e7e"',
95 verbose headers   age: '7490',
95 verbose headers   connection: 'keep-alive',
95 verbose headers   'x-served-by': 'cache-cdg8743-CDG',
95 verbose headers   'x-cache': 'HIT',
95 verbose headers   'x-cache-hits': '5',
95 verbose headers   'x-timer': 'S1526547431.771286,VS0,VE0',
95 verbose headers   vary: 'Accept-Encoding, Accept' }
96 silly get cb [ 304,
96 silly get   { date: 'Thu, 17 May 2018 08:57:10 GMT',
96 silly get     via: '1.1 varnish',
96 silly get     'cache-control': 'max-age=300',
96 silly get     etag: '"5af1cdab-19e7e"',
96 silly get     age: '7490',
96 silly get     connection: 'keep-alive',
96 silly get     'x-served-by': 'cache-cdg8743-CDG',
96 silly get     'x-cache': 'HIT',
96 silly get     'x-cache-hits': '5',
96 silly get     'x-timer': 'S1526547431.771286,VS0,VE0',
96 silly get     vary: 'Accept-Encoding, Accept' } ]
97 verbose etag https://registry.npmjs.org/grunt-contrib-uglify from cache
98 verbose get saving grunt-contrib-uglify to /home/ubuntu/.npm/registry.npmjs.org/grunt-contrib-uglify/.cache.json
99 verbose correctMkdir /home/ubuntu/.npm correctMkdir already in flight; waiting
100 http 304 https://registry.npmjs.org/grunt-contrib-less
101 verbose headers { date: 'Thu, 17 May 2018 08:57:10 GMT',
101 verbose headers   via: '1.1 varnish',
101 verbose headers   'cache-control': 'max-age=300',
101 verbose headers   etag: '"5a4072e9-13443"',
101 verbose headers   age: '4821',
101 verbose headers   connection: 'keep-alive',
101 verbose headers   'x-served-by': 'cache-cdg8721-CDG',
101 verbose headers   'x-cache': 'HIT',
101 verbose headers   'x-cache-hits': '6',
101 verbose headers   'x-timer': 'S1526547431.768070,VS0,VE0',
101 verbose headers   vary: 'Accept-Encoding, Accept' }
102 silly get cb [ 304,
102 silly get   { date: 'Thu, 17 May 2018 08:57:10 GMT',
102 silly get     via: '1.1 varnish',
102 silly get     'cache-control': 'max-age=300',
102 silly get     etag: '"5a4072e9-13443"',
102 silly get     age: '4821',
102 silly get     connection: 'keep-alive',
102 silly get     'x-served-by': 'cache-cdg8721-CDG',
102 silly get     'x-cache': 'HIT',
102 silly get     'x-cache-hits': '6',
102 silly get     'x-timer': 'S1526547431.768070,VS0,VE0',
102 silly get     vary: 'Accept-Encoding, Accept' } ]
103 verbose etag https://registry.npmjs.org/grunt-contrib-less from cache
104 verbose get saving grunt-contrib-less to /home/ubuntu/.npm/registry.npmjs.org/grunt-contrib-less/.cache.json
105 verbose correctMkdir /home/ubuntu/.npm correctMkdir already in flight; waiting
106 http 304 https://registry.npmjs.org/grunt-contrib-jshint
107 verbose headers { date: 'Thu, 17 May 2018 08:57:10 GMT',
107 verbose headers   via: '1.1 varnish',
107 verbose headers   'cache-control': 'max-age=300',
107 verbose headers   etag: '"5a81c894-10f8a"',
107 verbose headers   age: '10802',
107 verbose headers   connection: 'keep-alive',
107 verbose headers   'x-served-by': 'cache-cdg8740-CDG',
107 verbose headers   'x-cache': 'HIT',
107 verbose headers   'x-cache-hits': '7',
107 verbose headers   'x-timer': 'S1526547431.770586,VS0,VE0',
107 verbose headers   vary: 'Accept-Encoding, Accept' }
108 silly get cb [ 304,
108 silly get   { date: 'Thu, 17 May 2018 08:57:10 GMT',
108 silly get     via: '1.1 varnish',
108 silly get     'cache-control': 'max-age=300',
108 silly get     etag: '"5a81c894-10f8a"',
108 silly get     age: '10802',
108 silly get     connection: 'keep-alive',
108 silly get     'x-served-by': 'cache-cdg8740-CDG',
108 silly get     'x-cache': 'HIT',
108 silly get     'x-cache-hits': '7',
108 silly get     'x-timer': 'S1526547431.770586,VS0,VE0',
108 silly get     vary: 'Accept-Encoding, Accept' } ]
109 verbose etag https://registry.npmjs.org/grunt-contrib-jshint from cache
110 verbose get saving grunt-contrib-jshint to /home/ubuntu/.npm/registry.npmjs.org/grunt-contrib-jshint/.cache.json
111 verbose correctMkdir /home/ubuntu/.npm correctMkdir already in flight; waiting
112 http 304 https://registry.npmjs.org/grunt
113 verbose headers { date: 'Thu, 17 May 2018 08:57:10 GMT',
113 verbose headers   via: '1.1 varnish',
113 verbose headers   'cache-control': 'max-age=300',
113 verbose headers   etag: '"5aa39b8a-1977d"',
113 verbose headers   age: '8405',
113 verbose headers   connection: 'keep-alive',
113 verbose headers   'x-served-by': 'cache-cdg8726-CDG',
113 verbose headers   'x-cache': 'HIT',
113 verbose headers   'x-cache-hits': '20',
113 verbose headers   'x-timer': 'S1526547431.768552,VS0,VE0',
113 verbose headers   vary: 'Accept-Encoding, Accept' }
114 silly get cb [ 304,
114 silly get   { date: 'Thu, 17 May 2018 08:57:10 GMT',
114 silly get     via: '1.1 varnish',
114 silly get     'cache-control': 'max-age=300',
114 silly get     etag: '"5aa39b8a-1977d"',
114 silly get     age: '8405',
114 silly get     connection: 'keep-alive',
114 silly get     'x-served-by': 'cache-cdg8726-CDG',
114 silly get     'x-cache': 'HIT',
114 silly get     'x-cache-hits': '20',
114 silly get     'x-timer': 'S1526547431.768552,VS0,VE0',
114 silly get     vary: 'Accept-Encoding, Accept' } ]
115 verbose etag https://registry.npmjs.org/grunt from cache
116 verbose get saving grunt to /home/ubuntu/.npm/registry.npmjs.org/grunt/.cache.json
117 verbose correctMkdir /home/ubuntu/.npm correctMkdir already in flight; waiting
118 http 304 https://registry.npmjs.org/grunt-svg-sprite
119 verbose headers { date: 'Thu, 17 May 2018 08:57:10 GMT',
119 verbose headers   via: '1.1 varnish',
119 verbose headers   'cache-control': 'max-age=300',
119 verbose headers   etag: '"5aad851f-1aa1a"',
119 verbose headers   age: '824',
119 verbose headers   connection: 'keep-alive',
119 verbose headers   'x-served-by': 'cache-cdg8748-CDG',
119 verbose headers   'x-cache': 'HIT',
119 verbose headers   'x-cache-hits': '1',
119 verbose headers   'x-timer': 'S1526547431.784435,VS0,VE0',
119 verbose headers   vary: 'Accept-Encoding, Accept' }
120 silly get cb [ 304,
120 silly get   { date: 'Thu, 17 May 2018 08:57:10 GMT',
120 silly get     via: '1.1 varnish',
120 silly get     'cache-control': 'max-age=300',
120 silly get     etag: '"5aad851f-1aa1a"',
120 silly get     age: '824',
120 silly get     connection: 'keep-alive',
120 silly get     'x-served-by': 'cache-cdg8748-CDG',
120 silly get     'x-cache': 'HIT',
120 silly get     'x-cache-hits': '1',
120 silly get     'x-timer': 'S1526547431.784435,VS0,VE0',
120 silly get     vary: 'Accept-Encoding, Accept' } ]
121 verbose etag https://registry.npmjs.org/grunt-svg-sprite from cache
122 verbose get saving grunt-svg-sprite to /home/ubuntu/.npm/registry.npmjs.org/grunt-svg-sprite/.cache.json
123 verbose correctMkdir /home/ubuntu/.npm correctMkdir not in flight; initializing
124 silly cache add args [ 'grunt-contrib-nodeunit', '^1.1.0' ]
125 verbose cache add spec grunt-contrib-nodeunit@^1.1.0
126 silly cache add parsed spec Result {
126 silly cache add   raw: 'grunt-contrib-nodeunit@^1.1.0',
126 silly cache add   scope: null,
126 silly cache add   escapedName: 'grunt-contrib-nodeunit',
126 silly cache add   name: 'grunt-contrib-nodeunit',
126 silly cache add   rawSpec: '^1.1.0',
126 silly cache add   spec: '>=1.1.0 <2.0.0',
126 silly cache add   type: 'range' }
127 silly addNamed grunt-contrib-nodeunit@>=1.1.0 <2.0.0
128 verbose addNamed ">=1.1.0 <2.0.0" is a valid semver range for grunt-contrib-nodeunit
129 silly addNameRange { name: 'grunt-contrib-nodeunit',
129 silly addNameRange   range: '>=1.1.0 <2.0.0',
129 silly addNameRange   hasData: false }
130 silly mapToRegistry name grunt-contrib-nodeunit
131 silly mapToRegistry using default registry
132 silly mapToRegistry registry https://registry.npmjs.org/
133 silly mapToRegistry data Result {
133 silly mapToRegistry   raw: 'grunt-contrib-nodeunit',
133 silly mapToRegistry   scope: null,
133 silly mapToRegistry   escapedName: 'grunt-contrib-nodeunit',
133 silly mapToRegistry   name: 'grunt-contrib-nodeunit',
133 silly mapToRegistry   rawSpec: '',
133 silly mapToRegistry   spec: 'latest',
133 silly mapToRegistry   type: 'tag' }
134 silly mapToRegistry uri https://registry.npmjs.org/grunt-contrib-nodeunit
135 verbose addNameRange registry:https://registry.npmjs.org/grunt-contrib-nodeunit not in flight; fetching
136 verbose get https://registry.npmjs.org/grunt-contrib-nodeunit not expired, no request
137 silly addNameRange number 2 { name: 'grunt-contrib-nodeunit',
137 silly addNameRange   range: '>=1.1.0 <2.0.0',
137 silly addNameRange   hasData: true }
138 silly addNameRange versions [ 'grunt-contrib-nodeunit',
138 silly addNameRange   [ '0.1.0',
138 silly addNameRange     '0.1.1',
138 silly addNameRange     '0.1.2',
138 silly addNameRange     '0.2.0',
138 silly addNameRange     '0.2.1',
138 silly addNameRange     '0.2.2',
138 silly addNameRange     '0.3.0',
138 silly addNameRange     '0.1.2-rc5',
138 silly addNameRange     '0.1.2-rc6',
138 silly addNameRange     '0.3.1',
138 silly addNameRange     '0.3.2',
138 silly addNameRange     '0.3.3',
138 silly addNameRange     '0.4.0',
138 silly addNameRange     '0.4.1',
138 silly addNameRange     '1.0.0' ] ]
139 verbose stack Error: No compatible version found: grunt-contrib-nodeunit@'>=1.1.0 <2.0.0'
139 verbose stack Valid install targets:
139 verbose stack 0.1.0, 0.1.1, 0.1.2, 0.2.0, 0.2.1, 0.2.2, 0.3.0, 0.1.2-rc5, 0.1.2-rc6, 0.3.1, 0.3.2, 0.3.3, 0.4.0, 0.4.1, 1.0.0
139 verbose stack
139 verbose stack     at installTargetsError (/home/ubuntu/.nvm/versions/node/v6.11.2/lib/node_modules/npm/lib/cache/add-named.js:292:12)
139 verbose stack     at next (/home/ubuntu/.nvm/versions/node/v6.11.2/lib/node_modules/npm/lib/cache/add-named.js:270:19)
139 verbose stack     at setData (/home/ubuntu/.nvm/versions/node/v6.11.2/lib/node_modules/npm/lib/cache/add-named.js:242:5)
139 verbose stack     at RES (/home/ubuntu/.nvm/versions/node/v6.11.2/lib/node_modules/npm/node_modules/inflight/inflight.js:23:14)
139 verbose stack     at f (/home/ubuntu/.nvm/versions/node/v6.11.2/lib/node_modules/npm/node_modules/once/once.js:25:25)
139 verbose stack     at fixName (/home/ubuntu/.nvm/versions/node/v6.11.2/lib/node_modules/npm/lib/cache/add-named.js:30:5)
139 verbose stack     at /home/ubuntu/.nvm/versions/node/v6.11.2/lib/node_modules/npm/lib/utils/pulse-till-done.js:20:8
139 verbose stack     at CachingRegistryClient.get_ (/home/ubuntu/.nvm/versions/node/v6.11.2/lib/node_modules/npm/lib/cache/caching-client.js:126:16)
139 verbose stack     at /home/ubuntu/.nvm/versions/node/v6.11.2/lib/node_modules/npm/lib/cache/caching-client.js:91:14
139 verbose stack     at /home/ubuntu/.nvm/versions/node/v6.11.2/lib/node_modules/npm/node_modules/graceful-fs/graceful-fs.js:78:16
140 verbose cwd /home/ubuntu/workspace/proj1
141 error Linux 4.9.80-c9
142 error argv "/home/ubuntu/.nvm/versions/node/v6.11.2/bin/node" "/home/ubuntu/.nvm/versions/node/v6.11.2/bin/npm" "update"
143 error node v6.11.2
144 error npm  v3.10.10
145 error code ETARGET
146 error notarget No compatible version found: grunt-contrib-nodeunit@'>=1.1.0 <2.0.0'
146 error notarget Valid install targets:
146 error notarget 0.1.0, 0.1.1, 0.1.2, 0.2.0, 0.2.1, 0.2.2, 0.3.0, 0.1.2-rc5, 0.1.2-rc6, 0.3.1, 0.3.2, 0.3.3, 0.4.0, 0.4.1, 1.0.0
147 error notarget This is most likely not a problem with npm itself.
147 error notarget In most cases you or one of your dependencies are requesting
147 error notarget a package version that doesn't exist.
148 verbose exit [ 1, true ]
